[15 Jul 18:42:24] CREATE:ItemAuction, item 268437784:Elegia Breastplate(1)
[15 Jul 18:42:24] CREATE:ItemAuction, item 268437785:Eternal Core Sword(1)
[15 Jul 18:42:24] CREATE:ItemAuction, item 268437786:Improved Mage Staff(1)
[15 Jul 18:42:24] CREATE:ItemAuction, item 268437787:Elegia Leather Boots(1)
[15 Jul 18:42:24] CREATE:ItemAuction, item 268437788:Improved Mage Staff(1)
[15 Jul 18:42:24] CREATE:ItemAuction, item 268437789:Skull Carnium Bow(1)
[15 Jul 18:42:24] CREATE:ItemAuction, item 268437790:Demitelum(1)
[15 Jul 18:42:24] CREATE:ItemAuction, item 268437791:Cyclic Cane(1)
[15 Jul 18:53:21] CREATE:ItemAuction, item 268437784:Elegia Breastplate(1)
[15 Jul 18:53:21] CREATE:ItemAuction, item 268437785:Eternal Core Sword(1)
[15 Jul 18:53:21] CREATE:ItemAuction, item 268437786:Improved Mage Staff(1)
[15 Jul 18:53:21] CREATE:ItemAuction, item 268437787:Elegia Leather Boots(1)
[15 Jul 18:53:21] CREATE:ItemAuction, item 268437788:Improved Mage Staff(1)
[15 Jul 18:53:21] CREATE:ItemAuction, item 268437789:Skull Carnium Bow(1)
[15 Jul 18:53:21] CREATE:ItemAuction, item 268437790:Demitelum(1)
[15 Jul 18:53:21] CREATE:ItemAuction, item 268437791:Cyclic Cane(1)
[15 Jul 18:58:10] CREATE:ItemAuction, item 268437784:Elegia Breastplate(1)
[15 Jul 18:58:10] CREATE:ItemAuction, item 268437785:Eternal Core Sword(1)
[15 Jul 18:58:10] CREATE:ItemAuction, item 268437786:Improved Mage Staff(1)
[15 Jul 18:58:10] CREATE:ItemAuction, item 268437787:Elegia Leather Boots(1)
[15 Jul 18:58:10] CREATE:ItemAuction, item 268437788:Improved Mage Staff(1)
[15 Jul 18:58:10] CREATE:ItemAuction, item 268437789:Skull Carnium Bow(1)
[15 Jul 18:58:10] CREATE:ItemAuction, item 268437790:Demitelum(1)
[15 Jul 18:58:10] CREATE:ItemAuction, item 268437791:Cyclic Cane(1)
[15 Jul 19:00:07] CREATE:ItemAuction, item 268437784:Elegia Breastplate(1)
[15 Jul 19:00:07] CREATE:ItemAuction, item 268437785:Eternal Core Sword(1)
[15 Jul 19:00:07] CREATE:ItemAuction, item 268437786:Improved Mage Staff(1)
[15 Jul 19:00:07] CREATE:ItemAuction, item 268437787:Elegia Leather Boots(1)
[15 Jul 19:00:07] CREATE:ItemAuction, item 268437788:Improved Mage Staff(1)
[15 Jul 19:00:07] CREATE:ItemAuction, item 268437789:Skull Carnium Bow(1)
[15 Jul 19:00:07] CREATE:ItemAuction, item 268437790:Demitelum(1)
[15 Jul 19:00:07] CREATE:ItemAuction, item 268437791:Cyclic Cane(1)
[15 Jul 19:42:52] CREATE:ItemAuction, item 268437784:Elegia Shield(1)
[15 Jul 19:42:52] CREATE:ItemAuction, item 268437785:Elegia Sigil(1)
[15 Jul 19:42:52] CREATE:ItemAuction, item 268437786:Doubletop Spear(1)
[15 Jul 19:47:17] CREATE:ItemAuction, item 268437784:Elegia Shield(1)
[15 Jul 19:47:17] CREATE:ItemAuction, item 268437785:Elegia Sigil(1)
[15 Jul 19:47:17] CREATE:ItemAuction, item 268437786:Doubletop Spear(1)
[15 Jul 19:49:23] CREATE:Init, item 268481515:Guild Member's Club(1), L2PcInstance:Konstruktor[268481514]
[15 Jul 19:49:23] CREATE:Init, item 268481516:Dagger(1), L2PcInstance:Konstruktor[268481514]
[15 Jul 19:49:23] CREATE:Init, item 268481517:Squire's Shirt(1), L2PcInstance:Konstruktor[268481514]
[15 Jul 19:49:23] CREATE:Init, item 268481518:Squire's Pants(1), L2PcInstance:Konstruktor[268481514]
[15 Jul 19:49:23] CREATE:Init, item 268481519:Tutorial Guide(1), L2PcInstance:Konstruktor[268481514]
[15 Jul 19:49:23] CREATE:Init, item 268481520:Adventurer's Scroll of Escape(5), L2PcInstance:Konstruktor[268481514]
[15 Jul 19:49:23] CREATE:Init, item 268481521:Kamael Village Teleportation Scroll(10), L2PcInstance:Konstruktor[268481514]
[16 Jul 20:41:31] CREATE:ItemAuction, item 268437784:Elegia Shield(1)
[16 Jul 20:41:31] CREATE:ItemAuction, item 268437785:Elegia Sigil(1)
[16 Jul 20:41:31] CREATE:ItemAuction, item 268437786:Doubletop Spear(1)
[17 Jul 20:29:40] CREATE:ItemAuction, item 268499716:Black Visage(1)
[17 Jul 20:43:59] CREATE:ItemAuction, item 268437784:Elegia Shield(1)
[17 Jul 20:43:59] CREATE:ItemAuction, item 268437785:Elegia Sigil(1)
[17 Jul 20:43:59] CREATE:ItemAuction, item 268437786:Doubletop Spear(1)
[17 Jul 20:43:59] CREATE:ItemAuction, item 268437787:Black Visage(1)
[17 Jul 21:44:36] CREATE:Init, item 268483213:Apprentice's Wand(1), L2PcInstance:Ocelot[268483212]
[17 Jul 21:44:36] CREATE:Init, item 268483214:Apprentice's Tunic(1), L2PcInstance:Ocelot[268483212]
[17 Jul 21:44:36] CREATE:Init, item 268483215:Apprentice's Stockings(1), L2PcInstance:Ocelot[268483212]
[17 Jul 21:44:36] CREATE:Init, item 268483216:Tutorial Guide(1), L2PcInstance:Ocelot[268483212]
[17 Jul 21:44:36] CREATE:Init, item 268483217:Adventurer's Scroll of Escape(5), L2PcInstance:Ocelot[268483212]
[17 Jul 21:44:36] CREATE:Init, item 268483218:Kamael Village Teleportation Scroll(10), L2PcInstance:Ocelot[268483212]
[17 Jul 21:49:24] CREATE:Loot, item 268483255:Adena(3930), L2PcInstance:Konstruktor[268481514], L2MonsterInstance:Drakos(22815)[268463688]
[17 Jul 21:49:24] CREATE:Loot, item 268483256:Herb of Life(1), L2PcInstance:Konstruktor[268481514], L2MonsterInstance:Drakos(22815)[268463688]
[17 Jul 21:49:24] CREATE:Loot, item 268483257:Herb of Magic(1), L2PcInstance:Konstruktor[268481514], L2MonsterInstance:Drakos(22815)[268463688]
[18 Jul 21:24:48] CREATE:ItemAuction, item 268437784:Elegia Shield(1)
[18 Jul 21:24:48] CREATE:ItemAuction, item 268437785:Elegia Sigil(1)
[18 Jul 21:24:48] CREATE:ItemAuction, item 268437786:Doubletop Spear(1)
[18 Jul 21:24:48] CREATE:ItemAuction, item 268437787:Black Visage(1)
[18 Jul 21:34:40] CREATE:ItemAuction, item 268437819:Elegia Shield(1)
[18 Jul 21:34:40] CREATE:ItemAuction, item 268437820:Elegia Sigil(1)
[18 Jul 21:34:40] CREATE:ItemAuction, item 268437821:Doubletop Spear(1)
[18 Jul 21:34:40] CREATE:ItemAuction, item 268437822:Black Visage(1)
[18 Jul 22:37:08] CREATE:Buy, item 268482193:Soulshot: No Grade(100), L2PcInstance:Konstruktor[268481514]
[20 Jul 19:24:25] CREATE:ItemAuction, item 268437819:Elegia Shield(1)
[20 Jul 19:24:25] CREATE:ItemAuction, item 268437820:Skull Edge Dual Daggers(1)
[20 Jul 19:24:25] CREATE:ItemAuction, item 268437821:Elegia Sigil(1)
[20 Jul 19:24:25] CREATE:ItemAuction, item 268437822:Doubletop Spear(1)
[20 Jul 19:24:25] CREATE:ItemAuction, item 268437823:Black Visage(1)
[20 Jul 19:43:23] CREATE:ItemAuction, item 268437819:Elegia Shield(1)
[20 Jul 19:43:23] CREATE:ItemAuction, item 268437820:Skull Edge Dual Daggers(1)
[20 Jul 19:43:23] CREATE:ItemAuction, item 268437821:Elegia Sigil(1)
[20 Jul 19:43:23] CREATE:ItemAuction, item 268437822:Doubletop Spear(1)
[20 Jul 19:43:23] CREATE:ItemAuction, item 268437823:Black Visage(1)
[20 Jul 19:46:03] CREATE:ItemAuction, item 268437819:Elegia Shield(1)
[20 Jul 19:46:03] CREATE:ItemAuction, item 268437820:Skull Edge Dual Daggers(1)
[20 Jul 19:46:03] CREATE:ItemAuction, item 268437821:Elegia Sigil(1)
[20 Jul 19:46:03] CREATE:ItemAuction, item 268437822:Doubletop Spear(1)
[20 Jul 19:46:03] CREATE:ItemAuction, item 268437823:Black Visage(1)
[20 Jul 19:52:12] CREATE:ItemAuction, item 268437819:Elegia Shield(1)
[20 Jul 19:52:12] CREATE:ItemAuction, item 268437820:Skull Edge Dual Daggers(1)
[20 Jul 19:52:12] CREATE:ItemAuction, item 268437821:Elegia Sigil(1)
[20 Jul 19:52:12] CREATE:ItemAuction, item 268437822:Doubletop Spear(1)
[20 Jul 19:52:12] CREATE:ItemAuction, item 268437823:Black Visage(1)
[20 Jul 19:54:27] CREATE:ItemAuction, item 268437819:Elegia Shield(1)
[20 Jul 19:54:27] CREATE:ItemAuction, item 268437820:Skull Edge Dual Daggers(1)
[20 Jul 19:54:27] CREATE:ItemAuction, item 268437821:Elegia Sigil(1)
[20 Jul 19:54:27] CREATE:ItemAuction, item 268437822:Doubletop Spear(1)
[20 Jul 19:54:27] CREATE:ItemAuction, item 268437823:Black Visage(1)
[20 Jul 21:01:36] CREATE:ItemAuction, item 268437819:Elegia Shield(1)
[20 Jul 21:01:36] CREATE:ItemAuction, item 268437820:Skull Edge Dual Daggers(1)
[20 Jul 21:01:36] CREATE:ItemAuction, item 268437821:Elegia Sigil(1)
[20 Jul 21:01:36] CREATE:ItemAuction, item 268437822:Doubletop Spear(1)
[20 Jul 21:01:36] CREATE:ItemAuction, item 268437823:Black Visage(1)
[20 Jul 21:09:00] CREATE:ItemAuction, item 268437819:Elegia Shield(1)
[20 Jul 21:09:00] CREATE:ItemAuction, item 268437820:Skull Edge Dual Daggers(1)
[20 Jul 21:09:00] CREATE:ItemAuction, item 268437821:Elegia Sigil(1)
[20 Jul 21:09:00] CREATE:ItemAuction, item 268437822:Doubletop Spear(1)
[20 Jul 21:09:00] CREATE:ItemAuction, item 268437823:Black Visage(1)
[20 Jul 21:10:53] CREATE:ItemAuction, item 268437819:Elegia Shield(1)
[20 Jul 21:10:53] CREATE:ItemAuction, item 268437820:Skull Edge Dual Daggers(1)
[20 Jul 21:10:53] CREATE:ItemAuction, item 268437821:Elegia Sigil(1)
[20 Jul 21:10:53] CREATE:ItemAuction, item 268437822:Doubletop Spear(1)
[20 Jul 21:10:53] CREATE:ItemAuction, item 268437823:Black Visage(1)
[20 Jul 21:12:51] CREATE:ItemAuction, item 268437819:Elegia Shield(1)
[20 Jul 21:12:51] CREATE:ItemAuction, item 268437820:Skull Edge Dual Daggers(1)
[20 Jul 21:12:52] CREATE:ItemAuction, item 268437821:Elegia Sigil(1)
[20 Jul 21:12:52] CREATE:ItemAuction, item 268437822:Doubletop Spear(1)
[20 Jul 21:12:52] CREATE:ItemAuction, item 268437823:Black Visage(1)
[20 Jul 21:16:23] CREATE:ItemAuction, item 268437819:Elegia Shield(1)
[20 Jul 21:16:23] CREATE:ItemAuction, item 268437820:Skull Edge Dual Daggers(1)
[20 Jul 21:16:23] CREATE:ItemAuction, item 268437821:Elegia Sigil(1)
[20 Jul 21:16:23] CREATE:ItemAuction, item 268437822:Doubletop Spear(1)
[20 Jul 21:16:23] CREATE:ItemAuction, item 268437823:Black Visage(1)
[20 Jul 21:33:12] CREATE:ItemAuction, item 268437819:Elegia Shield(1)
[20 Jul 21:33:12] CREATE:ItemAuction, item 268437820:Skull Edge Dual Daggers(1)
[20 Jul 21:33:12] CREATE:ItemAuction, item 268437821:Elegia Sigil(1)
[20 Jul 21:33:12] CREATE:ItemAuction, item 268437822:Doubletop Spear(1)
[20 Jul 21:33:12] CREATE:ItemAuction, item 268437823:Black Visage(1)
[20 Jul 21:36:43] CREATE:ItemAuction, item 268437819:Elegia Shield(1)
[20 Jul 21:36:43] CREATE:ItemAuction, item 268437820:Skull Edge Dual Daggers(1)
[20 Jul 21:36:43] CREATE:ItemAuction, item 268437821:Elegia Sigil(1)
[20 Jul 21:36:43] CREATE:ItemAuction, item 268437822:Doubletop Spear(1)
[20 Jul 21:36:43] CREATE:ItemAuction, item 268437823:Black Visage(1)
[20 Jul 21:38:57] CREATE:ItemAuction, item 268437819:Elegia Shield(1)
[20 Jul 21:38:57] CREATE:ItemAuction, item 268437820:Skull Edge Dual Daggers(1)
[20 Jul 21:38:57] CREATE:ItemAuction, item 268437821:Elegia Sigil(1)
[20 Jul 21:38:57] CREATE:ItemAuction, item 268437822:Doubletop Spear(1)
[20 Jul 21:38:57] CREATE:ItemAuction, item 268437823:Black Visage(1)
[20 Jul 23:28:29] CREATE:ItemAuction, item 268437819:Elegia Shield(1)
[20 Jul 23:28:29] CREATE:ItemAuction, item 268437820:Skull Edge Dual Daggers(1)
[20 Jul 23:28:29] CREATE:ItemAuction, item 268437821:Elegia Sigil(1)
[20 Jul 23:28:29] CREATE:ItemAuction, item 268437822:Doubletop Spear(1)
[20 Jul 23:28:29] CREATE:ItemAuction, item 268437823:Black Visage(1)
[20 Jul 23:32:19] CREATE:ItemAuction, item 268437819:Elegia Shield(1)
[20 Jul 23:32:19] CREATE:ItemAuction, item 268437820:Skull Edge Dual Daggers(1)
[20 Jul 23:32:19] CREATE:ItemAuction, item 268437821:Elegia Sigil(1)
[20 Jul 23:32:19] CREATE:ItemAuction, item 268437822:Doubletop Spear(1)
[20 Jul 23:32:19] CREATE:ItemAuction, item 268437823:Black Visage(1)
[20 Jul 23:33:28] CREATE:ItemAuction, item 268437819:Elegia Shield(1)
[20 Jul 23:33:28] CREATE:ItemAuction, item 268437820:Skull Edge Dual Daggers(1)
[20 Jul 23:33:28] CREATE:ItemAuction, item 268437821:Elegia Sigil(1)
[20 Jul 23:33:28] CREATE:ItemAuction, item 268437822:Doubletop Spear(1)
[20 Jul 23:33:28] CREATE:ItemAuction, item 268437823:Black Visage(1)
[20 Jul 23:40:28] CREATE:ItemAuction, item 268437819:Elegia Shield(1)
[20 Jul 23:40:28] CREATE:ItemAuction, item 268437820:Skull Edge Dual Daggers(1)
[20 Jul 23:40:28] CREATE:ItemAuction, item 268437821:Elegia Sigil(1)
[20 Jul 23:40:28] CREATE:ItemAuction, item 268437822:Doubletop Spear(1)
[20 Jul 23:40:28] CREATE:ItemAuction, item 268437823:Black Visage(1)
[21 Jul 13:29:17] CREATE:ItemAuction, item 268437819:Elegia Shield(1)
[21 Jul 13:29:17] CREATE:ItemAuction, item 268437820:Skull Edge Dual Daggers(1)
[21 Jul 13:29:17] CREATE:ItemAuction, item 268437821:Elegia Sigil(1)
[21 Jul 13:29:17] CREATE:ItemAuction, item 268437822:Doubletop Spear(1)
[21 Jul 13:29:17] CREATE:ItemAuction, item 268437823:Black Visage(1)
[21 Jul 19:16:17] CREATE:Init, item 268573112:Squire's Sword(1), L2PcInstance:Ona[268573111]
[21 Jul 19:16:17] CREATE:Init, item 268573113:Dagger(1), L2PcInstance:Ona[268573111]
[21 Jul 19:16:17] CREATE:Init, item 268573114:Squire's Shirt(1), L2PcInstance:Ona[268573111]
[21 Jul 19:16:17] CREATE:Init, item 268573115:Squire's Pants(1), L2PcInstance:Ona[268573111]
[21 Jul 19:16:17] CREATE:Init, item 268573116:Tutorial Guide(1), L2PcInstance:Ona[268573111]
[21 Jul 19:16:17] CREATE:Init, item 268573117:Adventurer's Scroll of Escape(5), L2PcInstance:Ona[268573111]
[21 Jul 19:16:17] CREATE:Init, item 268573118:Kamael Village Teleportation Scroll(10), L2PcInstance:Ona[268573111]
[21 Jul 19:17:55] CREATE:Init, item 268573126:Squire's Sword(1), L2PcInstance:Asty[268573125]
[21 Jul 19:17:55] CREATE:Init, item 268573127:Training Gloves(1), L2PcInstance:Asty[268573125]
[21 Jul 19:17:55] CREATE:Init, item 268573128:Squire's Shirt(1), L2PcInstance:Asty[268573125]
[21 Jul 19:17:55] CREATE:Init, item 268573129:Squire's Pants(1), L2PcInstance:Asty[268573125]
[21 Jul 19:17:55] CREATE:Init, item 268573130:Tutorial Guide(1), L2PcInstance:Asty[268573125]
[21 Jul 19:17:55] CREATE:Init, item 268573131:Adventurer's Scroll of Escape(5), L2PcInstance:Asty[268573125]
[21 Jul 19:17:55] CREATE:Init, item 268573132:Kamael Village Teleportation Scroll(10), L2PcInstance:Asty[268573125]
[22 Jul 21:46:59] CREATE:ItemAuction, item 268437819:Elegia Shield(1)
[22 Jul 21:46:59] CREATE:ItemAuction, item 268437820:Skull Edge Dual Daggers(1)
[22 Jul 21:46:59] CREATE:ItemAuction, item 268437821:Elegia Sigil(1)
[22 Jul 21:46:59] CREATE:ItemAuction, item 268437822:Rising Star(1)
[22 Jul 21:46:59] CREATE:ItemAuction, item 268437823:Doubletop Spear(1)
[22 Jul 21:46:59] CREATE:ItemAuction, item 268437824:Black Visage(1)
[22 Jul 21:56:59] CREATE:Buy, item 268481926:Requiem Retributer(1), L2PcInstance:Konstruktor[268481514]
[22 Jul 21:57:13] DELETE:Destroy, item 268481926:Requiem Retributer(0), PrevCount(1), L2PcInstance:Konstruktor[268481514]
[22 Jul 21:57:34] CREATE:Buy, item 268481932:Seraph Breastplate(1), L2PcInstance:Konstruktor[268481514]
[22 Jul 21:57:34] CREATE:Buy, item 268481933:Seraph Gaiters(1), L2PcInstance:Konstruktor[268481514]
[22 Jul 21:57:34] CREATE:Buy, item 268481934:Seraph Gauntlets(1), L2PcInstance:Konstruktor[268481514]
[22 Jul 21:57:34] CREATE:Buy, item 268481935:Seraph Boots(1), L2PcInstance:Konstruktor[268481514]
[22 Jul 22:03:07] SETOWNER:Sell, item 268481935:Seraph Boots(1), L2PcInstance:Konstruktor[268481514]
[22 Jul 22:03:07] SETOWNER:Sell, item 268481932:Seraph Breastplate(1), L2PcInstance:Konstruktor[268481514]
[22 Jul 22:03:07] SETOWNER:Sell, item 268481933:Seraph Gaiters(1), L2PcInstance:Konstruktor[268481514]
[22 Jul 22:03:07] SETOWNER:Sell, item 268481934:Seraph Gauntlets(1), L2PcInstance:Konstruktor[268481514]
[22 Jul 22:03:07] CREATE:Sell, item 268481996:Adena(162890000), L2PcInstance:Konstruktor[268481514]
[22 Jul 22:05:27] CREATE:Buy, item 268482006:La Vie En Rose's Brooch(1), L2PcInstance:Konstruktor[268481514]
[22 Jul 22:06:52] CREATE:Buy, item 268482016:Lindvior Cutter(1), L2PcInstance:Konstruktor[268481514]
[22 Jul 22:07:02] DELETE:Destroy, item 268482016:Lindvior Cutter(0), PrevCount(1), L2PcInstance:Konstruktor[268481514]
[22 Jul 22:07:09] DELETE:Destroy, item 268482006:La Vie En Rose's Brooch(0), PrevCount(1), L2PcInstance:Konstruktor[268481514]
[23 Jul 21:14:52] CREATE:ItemAuction, item 268437819:Elegia Shield(1)
[23 Jul 21:14:52] CREATE:ItemAuction, item 268437820:Skull Edge Dual Daggers(1)
[23 Jul 21:14:52] CREATE:ItemAuction, item 268437821:Elegia Sigil(1)
[23 Jul 21:14:52] CREATE:ItemAuction, item 268437822:Rising Star(1)
[23 Jul 21:14:52] CREATE:ItemAuction, item 268437823:Doubletop Spear(1)
[23 Jul 21:14:52] CREATE:ItemAuction, item 268437824:Black Visage(1)
[23 Jul 21:19:29] CREATE:ItemAuction, item 268437819:Elegia Shield(1)
[23 Jul 21:19:29] CREATE:ItemAuction, item 268437820:Skull Edge Dual Daggers(1)
[23 Jul 21:19:29] CREATE:ItemAuction, item 268437821:Elegia Sigil(1)
[23 Jul 21:19:29] CREATE:ItemAuction, item 268437822:Rising Star(1)
[23 Jul 21:19:29] CREATE:ItemAuction, item 268437823:Doubletop Spear(1)
[23 Jul 21:19:29] CREATE:ItemAuction, item 268437824:Black Visage(1)
[23 Jul 21:23:40] CREATE:ItemAuction, item 268437819:Elegia Shield(1)
[23 Jul 21:23:40] CREATE:ItemAuction, item 268437820:Skull Edge Dual Daggers(1)
[23 Jul 21:23:40] CREATE:ItemAuction, item 268437821:Elegia Sigil(1)
[23 Jul 21:23:40] CREATE:ItemAuction, item 268437822:Rising Star(1)
[23 Jul 21:23:40] CREATE:ItemAuction, item 268437823:Doubletop Spear(1)
[23 Jul 21:23:40] CREATE:ItemAuction, item 268437824:Black Visage(1)
[23 Jul 21:25:23] SETOWNER:RewardItem, item 268481871:Mithril Breastplate(1), L2PcInstance:Konstruktor[268481514], L2PcInstance:Konstruktor[268481514]
[23 Jul 21:31:06] CREATE:ItemAuction, item 268437819:Elegia Shield(1)
[23 Jul 21:31:06] CREATE:ItemAuction, item 268437820:Skull Edge Dual Daggers(1)
[23 Jul 21:31:06] CREATE:ItemAuction, item 268437821:Elegia Sigil(1)
[23 Jul 21:31:06] CREATE:ItemAuction, item 268437822:Rising Star(1)
[23 Jul 21:31:06] CREATE:ItemAuction, item 268437823:Doubletop Spear(1)
[23 Jul 21:31:06] CREATE:ItemAuction, item 268437824:Black Visage(1)
[23 Jul 21:33:10] SETOWNER:RewardItem, item 268481867:Mithril Breastplate(1), L2PcInstance:Konstruktor[268481514], L2PcInstance:Konstruktor[268481514]
[23 Jul 21:39:49] CREATE:ItemAuction, item 268437819:Elegia Breastplate(1)
[23 Jul 21:39:49] CREATE:ItemAuction, item 268437820:Eternal Core Sword(1)
[23 Jul 21:39:49] CREATE:ItemAuction, item 268437821:Archangel Sword(1)
[23 Jul 21:39:49] CREATE:ItemAuction, item 268437822:Improved Mage Staff(1)
[23 Jul 21:39:49] CREATE:ItemAuction, item 268437823:Improved Mage Staff(1)
[23 Jul 21:39:49] CREATE:ItemAuction, item 268437824:Rising Star(1)
[23 Jul 21:39:49] CREATE:ItemAuction, item 268437825:Demitelum(1)
[23 Jul 21:39:49] CREATE:ItemAuction, item 268437826:Cyclic Cane(1)
[23 Jul 21:39:49] CREATE:ItemAuction, item 268437827:Heavenstare Rapier(1)
[24 Jul 20:57:26] CREATE:ItemAuction, item 268437819:Elegia Breastplate(1)
[24 Jul 20:57:26] CREATE:ItemAuction, item 268437820:Eternal Core Sword(1)
[24 Jul 20:57:26] CREATE:ItemAuction, item 268437821:Archangel Sword(1)
[24 Jul 20:57:26] CREATE:ItemAuction, item 268437822:Improved Mage Staff(1)
[24 Jul 20:57:26] CREATE:ItemAuction, item 268437823:Improved Mage Staff(1)
[24 Jul 20:57:26] CREATE:ItemAuction, item 268437824:Rising Star(1)
[24 Jul 20:57:26] CREATE:ItemAuction, item 268437825:Cyclic Cane(1)
[24 Jul 20:57:26] CREATE:ItemAuction, item 268437826:Heavenstare Rapier(1)
[24 Jul 20:57:26] CREATE:ItemAuction, item 268437827:Green Soul Crystal - Stage 15(1)
[24 Jul 21:53:38] CREATE:ItemAuction, item 268437819:Elegia Breastplate(1)
[24 Jul 21:53:38] CREATE:ItemAuction, item 268437820:Eternal Core Sword(1)
[24 Jul 21:53:38] CREATE:ItemAuction, item 268437821:Archangel Sword(1)
[24 Jul 21:53:38] CREATE:ItemAuction, item 268437822:Improved Mage Staff(1)
[24 Jul 21:53:38] CREATE:ItemAuction, item 268437823:Improved Mage Staff(1)
[24 Jul 21:53:38] CREATE:ItemAuction, item 268437824:Rising Star(1)
[24 Jul 21:53:38] CREATE:ItemAuction, item 268437825:Cyclic Cane(1)
[24 Jul 21:53:38] CREATE:ItemAuction, item 268437826:Heavenstare Rapier(1)
[24 Jul 21:53:38] CREATE:ItemAuction, item 268437827:Green Soul Crystal - Stage 15(1)
[25 Jul 20:57:29] CREATE:ItemAuction, item 268437819:Elegia Breastplate(1)
[25 Jul 20:57:29] CREATE:ItemAuction, item 268437820:Eternal Core Sword(1)
[25 Jul 20:57:29] CREATE:ItemAuction, item 268437821:Archangel Sword(1)
[25 Jul 20:57:29] CREATE:ItemAuction, item 268437822:Improved Mage Staff(1)
[25 Jul 20:57:29] CREATE:ItemAuction, item 268437823:Improved Mage Staff(1)
[25 Jul 20:57:29] CREATE:ItemAuction, item 268437824:Rising Star(1)
[25 Jul 20:57:29] CREATE:ItemAuction, item 268437825:Cyclic Cane(1)
[25 Jul 20:57:29] CREATE:ItemAuction, item 268437826:Heavenstare Rapier(1)
[25 Jul 20:57:29] CREATE:ItemAuction, item 268437827:Green Soul Crystal - Stage 15(1)
[28 Jul 13:31:23] CREATE:ItemAuction, item 268437819:Elegia Breastplate(1)
[28 Jul 13:31:23] CREATE:ItemAuction, item 268437820:Eternal Core Sword(1)
[28 Jul 13:31:23] CREATE:ItemAuction, item 268437821:Archangel Sword(1)
[28 Jul 13:31:23] CREATE:ItemAuction, item 268437822:Refined Black Feather Mask(1)
[28 Jul 13:31:23] CREATE:ItemAuction, item 268437823:Improved Mage Staff(1)
[28 Jul 13:31:23] CREATE:ItemAuction, item 268437824:Improved Mage Staff(1)
[28 Jul 13:31:23] CREATE:ItemAuction, item 268437825:Rising Star(1)
[28 Jul 13:31:23] CREATE:ItemAuction, item 268437826:Cyclic Cane(1)
[28 Jul 13:31:23] CREATE:ItemAuction, item 268437827:Heavenstare Rapier(1)
[28 Jul 13:31:23] CREATE:ItemAuction, item 268437828:Green Soul Crystal - Stage 15(1)
[28 Jul 14:54:51] CREATE:ItemAuction, item 268437819:Elegia Breastplate(1)
[28 Jul 14:54:51] CREATE:ItemAuction, item 268437820:Eternal Core Sword(1)
[28 Jul 14:54:51] CREATE:ItemAuction, item 268437821:Archangel Sword(1)
[28 Jul 14:54:51] CREATE:ItemAuction, item 268437822:Refined Black Feather Mask(1)
[28 Jul 14:54:51] CREATE:ItemAuction, item 268437823:Improved Mage Staff(1)
[28 Jul 14:54:51] CREATE:ItemAuction, item 268437824:Improved Mage Staff(1)
[28 Jul 14:54:51] CREATE:ItemAuction, item 268437825:Rising Star(1)
[28 Jul 14:54:51] CREATE:ItemAuction, item 268437826:Cyclic Cane(1)
[28 Jul 14:54:51] CREATE:ItemAuction, item 268437827:Heavenstare Rapier(1)
[28 Jul 14:54:51] CREATE:ItemAuction, item 268437828:Green Soul Crystal - Stage 15(1)
[28 Jul 15:32:12] CREATE:ItemAuction, item 268437819:Elegia Breastplate(1)
[28 Jul 15:32:12] CREATE:ItemAuction, item 268437820:Eternal Core Sword(1)
[28 Jul 15:32:12] CREATE:ItemAuction, item 268437821:Archangel Sword(1)
[28 Jul 15:32:12] CREATE:ItemAuction, item 268437822:Refined Black Feather Mask(1)
[28 Jul 15:32:12] CREATE:ItemAuction, item 268437823:Improved Mage Staff(1)
[28 Jul 15:32:12] CREATE:ItemAuction, item 268437824:Improved Mage Staff(1)
[28 Jul 15:32:12] CREATE:ItemAuction, item 268437825:Rising Star(1)
[28 Jul 15:32:12] CREATE:ItemAuction, item 268437826:Cyclic Cane(1)
[28 Jul 15:32:12] CREATE:ItemAuction, item 268437827:Heavenstare Rapier(1)
[28 Jul 15:32:12] CREATE:ItemAuction, item 268437828:Green Soul Crystal - Stage 15(1)
[29 Jul 22:21:55] CREATE:ItemAuction, item 268437819:Elegia Breastplate(1)
[29 Jul 22:21:55] CREATE:ItemAuction, item 268437820:Eternal Core Sword(1)
[29 Jul 22:21:55] CREATE:ItemAuction, item 268437821:Archangel Sword(1)
[29 Jul 22:21:55] CREATE:ItemAuction, item 268437822:Refined Black Feather Mask(1)
[29 Jul 22:21:55] CREATE:ItemAuction, item 268437823:Improved Mage Staff(1)
[29 Jul 22:21:55] CREATE:ItemAuction, item 268437824:Rising Star(1)
[29 Jul 22:21:55] CREATE:ItemAuction, item 268437825:Improved Falchion(1)
[29 Jul 22:21:55] CREATE:ItemAuction, item 268437826:Cyclic Cane(1)
[29 Jul 22:21:55] CREATE:ItemAuction, item 268437827:Heavenstare Rapier(1)
[29 Jul 22:21:55] CREATE:ItemAuction, item 268437828:Green Soul Crystal - Stage 15(1)
[30 Jul 20:45:45] CREATE:ItemAuction, item 268437819:Elegia Breastplate(1)
[30 Jul 20:45:45] CREATE:ItemAuction, item 268437820:Eternal Core Sword(1)
[30 Jul 20:45:45] CREATE:ItemAuction, item 268437821:Archangel Sword(1)
[30 Jul 20:45:45] CREATE:ItemAuction, item 268437822:Refined Black Feather Mask(1)
[30 Jul 20:45:45] CREATE:ItemAuction, item 268437823:Improved Mage Staff(1)
[30 Jul 20:45:45] CREATE:ItemAuction, item 268437824:Rising Star(1)
[30 Jul 20:45:45] CREATE:ItemAuction, item 268437825:Improved Falchion(1)
[30 Jul 20:45:45] CREATE:ItemAuction, item 268437826:Cyclic Cane(1)
[30 Jul 20:45:45] CREATE:ItemAuction, item 268437827:Heavenstare Rapier(1)
[30 Jul 20:45:45] CREATE:ItemAuction, item 268437828:Green Soul Crystal - Stage 15(1)
[30 Jul 22:19:47] CREATE:ItemAuction, item 268437819:Elegia Breastplate(1)
[30 Jul 22:19:47] CREATE:ItemAuction, item 268437820:Eternal Core Sword(1)
[30 Jul 22:19:47] CREATE:ItemAuction, item 268437821:Archangel Sword(1)
[30 Jul 22:19:47] CREATE:ItemAuction, item 268437822:Refined Black Feather Mask(1)
[30 Jul 22:19:47] CREATE:ItemAuction, item 268437823:Improved Mage Staff(1)
[30 Jul 22:19:47] CREATE:ItemAuction, item 268437824:Rising Star(1)
[30 Jul 22:19:47] CREATE:ItemAuction, item 268437825:Improved Falchion(1)
[30 Jul 22:19:47] CREATE:ItemAuction, item 268437826:Cyclic Cane(1)
[30 Jul 22:19:47] CREATE:ItemAuction, item 268437827:Heavenstare Rapier(1)
[30 Jul 22:19:47] CREATE:ItemAuction, item 268437828:Green Soul Crystal - Stage 15(1)
[30 Jul 22:24:53] CREATE:ItemAuction, item 268437819:Elegia Breastplate(1)
[30 Jul 22:24:53] CREATE:ItemAuction, item 268437820:Eternal Core Sword(1)
[30 Jul 22:24:53] CREATE:ItemAuction, item 268437821:Archangel Sword(1)
[30 Jul 22:24:53] CREATE:ItemAuction, item 268437822:Refined Black Feather Mask(1)
[30 Jul 22:24:53] CREATE:ItemAuction, item 268437823:Improved Mage Staff(1)
[30 Jul 22:24:53] CREATE:ItemAuction, item 268437824:Rising Star(1)
[30 Jul 22:24:53] CREATE:ItemAuction, item 268437825:Improved Falchion(1)
[30 Jul 22:24:53] CREATE:ItemAuction, item 268437826:Cyclic Cane(1)
[30 Jul 22:24:53] CREATE:ItemAuction, item 268437827:Heavenstare Rapier(1)
[30 Jul 22:24:53] CREATE:ItemAuction, item 268437828:Green Soul Crystal - Stage 15(1)
[02 Aug 14:43:50] CREATE:ItemAuction, item 268437819:Elegia Breastplate(1)
[02 Aug 14:43:50] CREATE:ItemAuction, item 268437820:Eternal Core Sword(1)
[02 Aug 14:43:50] CREATE:ItemAuction, item 268437821:Archangel Sword(1)
[02 Aug 14:43:50] CREATE:ItemAuction, item 268437822:Refined Black Feather Mask(1)
[02 Aug 14:43:50] CREATE:ItemAuction, item 268437823:Improved Mage Staff(1)
[02 Aug 14:43:50] CREATE:ItemAuction, item 268437824:Rising Star(1)
[02 Aug 14:43:50] CREATE:ItemAuction, item 268437825:Improved Falchion(1)
[02 Aug 14:43:50] CREATE:ItemAuction, item 268437826:Heavenstare Rapier(1)
[02 Aug 14:43:50] CREATE:ItemAuction, item 268437827:Green Soul Crystal - Stage 15(1)
[02 Aug 14:43:50] CREATE:ItemAuction, item 268437828:Eternal Core Sword(1)
[02 Aug 17:53:48] CREATE:ItemAuction, item 268483848:Elegia Leather Gloves(1)
[02 Aug 21:58:20] CREATE:Buy, item 268489289:La Vie En Rose's Noble Brooch(1), L2PcInstance:Konstruktor[268481351]
[02 Aug 22:04:26] CREATE:Buy, item 268489355:Mount - Black Bear(1), L2PcInstance:Konstruktor[268481351]
[02 Aug 22:05:03] CREATE:Buy, item 268489362:Steam Sledge Mount Bracelet(1), L2PcInstance:Konstruktor[268481351]
[02 Aug 22:12:38] CREATE:Admin, item 268489400:Tauti's Dual Axe(1), L2PcInstance:Konstruktor[268481351]
[02 Aug 22:21:43] CREATE:Admin, item 268489659:Christmas Talisman: M. Def.(1), L2PcInstance:Konstruktor[268481351]
[02 Aug 22:24:03] CREATE:ItemAuction, item 268437819:Elegia Breastplate(1)
[02 Aug 22:24:03] CREATE:ItemAuction, item 268437820:Archangel Sword(1)
[02 Aug 22:24:03] CREATE:ItemAuction, item 268437821:Refined Black Feather Mask(1)
[02 Aug 22:24:03] CREATE:ItemAuction, item 268437822:Elegia Leather Gloves(1)
[02 Aug 22:24:03] CREATE:ItemAuction, item 268437823:Improved Mage Staff(1)
[02 Aug 22:24:03] CREATE:ItemAuction, item 268437824:Rising Star(1)
[02 Aug 22:24:03] CREATE:ItemAuction, item 268437825:Improved Falchion(1)
[02 Aug 22:24:03] CREATE:ItemAuction, item 268437826:Heavenstare Rapier(1)
[02 Aug 22:24:03] CREATE:ItemAuction, item 268437827:Green Soul Crystal - Stage 15(1)
[02 Aug 22:24:03] CREATE:ItemAuction, item 268437828:Eternal Core Sword(1)
[02 Aug 22:32:24] CREATE:Admin, item 268481851:Irene's Brooch(1), L2PcInstance:Konstruktor[268481351]
[04 Aug 14:43:38] CREATE:ItemAuction, item 268437819:Elegia Breastplate(1)
[04 Aug 14:43:38] CREATE:ItemAuction, item 268437820:Archangel Sword(1)
[04 Aug 14:43:38] CREATE:ItemAuction, item 268437821:Refined Black Feather Mask(1)
[04 Aug 14:43:38] CREATE:ItemAuction, item 268437822:Elegia Leather Gloves(1)
[04 Aug 14:43:38] CREATE:ItemAuction, item 268437823:Improved Mage Staff(1)
[04 Aug 14:43:38] CREATE:ItemAuction, item 268437824:Rising Star(1)
[04 Aug 14:43:38] CREATE:ItemAuction, item 268437825:Improved Falchion(1)
[04 Aug 14:43:38] CREATE:ItemAuction, item 268437826:Heavenstare Rapier(1)
[04 Aug 14:43:38] CREATE:ItemAuction, item 268437827:Green Soul Crystal - Stage 15(1)
[04 Aug 14:43:38] CREATE:ItemAuction, item 268437828:Eternal Core Sword(1)
[04 Aug 15:49:07] CREATE:Admin, item 268482442:Santa Girl's Cloak(1), L2PcInstance:Konstruktor[268481351]
[04 Aug 15:58:48] DELETE:L2ItemInstance, item 268482442:Santa Girl's Cloak(0), PrevCount(1), L2PcInstance:Konstruktor[268481351]
[04 Aug 15:59:23] DELETE:L2ItemInstance, item 268489355:Mount - Black Bear(0), PrevCount(1), L2PcInstance:Konstruktor[268481351]
[04 Aug 15:59:25] DELETE:Destroy, item 268489362:Steam Sledge Mount Bracelet(0), PrevCount(1), L2PcInstance:Konstruktor[268481351]
[04 Aug 15:59:27] DELETE:Destroy, item 268481851:Irene's Brooch(0), PrevCount(1), L2PcInstance:Konstruktor[268481351]
[04 Aug 15:59:30] DELETE:Destroy, item 268489400:Tauti's Dual Axe(0), PrevCount(1), L2PcInstance:Konstruktor[268481351]
[04 Aug 15:59:32] DELETE:L2ItemInstance, item 268489659:Christmas Talisman: M. Def.(0), PrevCount(1), L2PcInstance:Konstruktor[268481351]
[04 Aug 15:59:34] DELETE:Destroy, item 268489289:La Vie En Rose's Noble Brooch(0), PrevCount(1), L2PcInstance:Konstruktor[268481351]
[04 Aug 15:59:37] CHANGE:Destroy, item 268481501:Dimensional Bracelet - Stage 6(170), PrevCount(171), L2PcInstance:Konstruktor[268481351]
[04 Aug 15:59:39] CHANGE:Destroy, item 268481501:Dimensional Bracelet - Stage 6(169), PrevCount(170), L2PcInstance:Konstruktor[268481351]
[04 Aug 15:59:43] DELETE:Destroy, item 268483492:Animal Bone(0), PrevCount(4), L2PcInstance:Konstruktor[268481351]
[04 Aug 15:59:48] DELETE:Destroy, item 268483493:Stone of Purity(0), PrevCount(2), L2PcInstance:Konstruktor[268481351]
[04 Aug 21:42:14] CREATE:Admin, item 268489188:White Assassin Suit(1), L2PcInstance:Konstruktor[268481351]
[04 Aug 22:10:23] CREATE:ItemAuction, item 268437819:Elegia Breastplate(1)
[04 Aug 22:10:23] CREATE:ItemAuction, item 268437820:Archangel Sword(1)
[04 Aug 22:10:23] CREATE:ItemAuction, item 268437821:Refined Black Feather Mask(1)
[04 Aug 22:10:23] CREATE:ItemAuction, item 268437822:Elegia Leather Gloves(1)
[04 Aug 22:10:23] CREATE:ItemAuction, item 268437823:Enhanced Mage Staff(1)
[04 Aug 22:10:23] CREATE:ItemAuction, item 268437824:Rising Star(1)
[04 Aug 22:10:23] CREATE:ItemAuction, item 268437825:Enhanced Falchion(1)
[04 Aug 22:10:23] CREATE:ItemAuction, item 268437826:Heavenstare Rapier(1)
[04 Aug 22:10:23] CREATE:ItemAuction, item 268437827:Green Soul Crystal - Stage 15(1)
[04 Aug 22:10:23] CREATE:ItemAuction, item 268437828:Eternal Core Sword(1)
[04 Aug 22:16:57] CREATE:Admin, item 268481790:Giant Trackers Talisman Stage 1(1), L2PcInstance:Konstruktor[268481351]
[04 Aug 22:18:28] CREATE:Admin, item 268481802:Demon Splinter - Thunder {PvP} - Critical Stun(1), L2PcInstance:Konstruktor[268481351]
[04 Aug 22:26:11] CREATE:Admin, item 268481906:Leviathan Breastplate(1), L2PcInstance:Konstruktor[268481351]
[04 Aug 22:28:05] CREATE:Admin, item 268481916:Krishna Shaper(1), L2PcInstance:Konstruktor[268481351]
[04 Aug 22:28:38] CREATE:Admin, item 268481917:Krishna Slasher(1), L2PcInstance:Konstruktor[268481351]
[04 Aug 22:30:39] CREATE:Admin, item 268481935:Paulina Helios Avenger(1), L2PcInstance:Konstruktor[268481351]
[04 Aug 22:31:35] CREATE:Admin, item 268481969:Paulina Helios Stormer(1), L2PcInstance:Konstruktor[268481351]
[04 Aug 22:33:04] CREATE:Admin, item 268481970:Fafurion Dual Dagger(1), L2PcInstance:Konstruktor[268481351]
[04 Aug 22:34:22] CREATE:Buy, item 268481977:Kelbim Dual Dagger(1), L2PcInstance:Konstruktor[268481351]
[04 Aug 22:46:48] DELETE:L2ItemInstance, item 268490542:Glyph of Experience Points 50% - 3 Hours(0), PrevCount(1), L2PcInstance:PlayerOne[268481719]
[04 Aug 22:46:48] DELETE:L2ItemInstance, item 268490543:Glyph of Skill Points 50% - 3 Hours(0), PrevCount(1), L2PcInstance:PlayerOne[268481719]
[04 Aug 22:46:48] DELETE:L2ItemInstance, item 268490544:Glyph of Wealth 25% - 3 Hours(0), PrevCount(1), L2PcInstance:PlayerOne[268481719]
[04 Aug 22:46:48] SETOWNER:RewardItem, item 268482146:Mother Tree's Branch of Fortune(1), L2PcInstance:PlayerOne[268481719], L2PcInstance:PlayerOne[268481719]
[04 Aug 22:47:06] SETOWNER:RewardItem, item 268482148:Mother Tree's Branch of Fortune(1), L2PcInstance:PlayerOne[268481719], L2PcInstance:PlayerOne[268481719]
[04 Aug 22:47:40] SETOWNER:RewardItem, item 268482160:Mother Tree's Branch of Fortune(1), L2PcInstance:MakeBelieve[268482255], L2PcInstance:MakeBelieve[268482255]
[04 Aug 22:50:13] CREATE:Admin, item 268482170:Fafurion Dual Dagger(1), L2PcInstance:Konstruktor[268481351]
[05 Aug 12:43:32] CREATE:Birthday, item 268486491:Birthday Present Pack(1)
[05 Aug 12:43:32] CREATE:Birthday, item 268486493:Birthday Present Pack(1)
[05 Aug 14:42:44] CREATE:ItemAuction, item 268437819:Elegia Breastplate(1)
[05 Aug 14:42:44] CREATE:ItemAuction, item 268437820:Archangel Sword(1)
[05 Aug 14:42:44] CREATE:ItemAuction, item 268437821:Refined Black Feather Mask(1)
[05 Aug 14:42:44] CREATE:ItemAuction, item 268437822:Elegia Leather Gloves(1)
[05 Aug 14:42:44] CREATE:ItemAuction, item 268437823:Enhanced Mage Staff(1)
[05 Aug 14:42:44] CREATE:ItemAuction, item 268437824:Rising Star(1)
[05 Aug 14:42:44] CREATE:ItemAuction, item 268437825:Enhanced Falchion(1)
[05 Aug 14:42:44] CREATE:ItemAuction, item 268437826:Heavenstare Rapier(1)
[05 Aug 14:42:44] CREATE:ItemAuction, item 268437827:Green Soul Crystal - Stage 15(1)
[05 Aug 14:42:44] CREATE:ItemAuction, item 268437828:Eternal Core Sword(1)
[05 Aug 14:46:26] CREATE:Buy, item 268481763:Lindvior Dual Dagger(1), L2PcInstance:Konstruktor[268481351]
[05 Aug 15:33:49] CREATE:Loot, item 268482359:Adena(6297), L2PcInstance:Konstruktor[268481351], L2MonsterInstance:Drakos(22815)[268463649]
[05 Aug 15:39:05] CREATE:Admin, item 268482392:Fafurion Dual Dagger(1), L2PcInstance:Konstruktor[268481351]
[05 Aug 15:41:19] CREATE:Admin, item 268482402:Fafurion Dual Dagger(1), L2PcInstance:Konstruktor[268481351]
[05 Aug 15:41:24] CREATE:Admin, item 268482403:Fafurion Dual Dagger(1), L2PcInstance:Konstruktor[268481351]
[05 Aug 18:56:14] CREATE:ItemAuction, item 268483544:Periel Sword(1)
[05 Aug 21:57:33] CREATE:Admin, item 268487973:Paulina Helios Dual Blunt Weapon(1), L2PcInstance:Konstruktor[268481351]
[05 Aug 21:58:08] CREATE:Admin, item 268487995:Paulina Eternal Breastplate(1), L2PcInstance:Konstruktor[268481351]
[05 Aug 22:32:13] DELETE:Destroy, item 268487995:Paulina Eternal Breastplate(0), PrevCount(1), L2PcInstance:Konstruktor[268481351]
[05 Aug 22:35:44] CREATE:Admin, item 268488740:Fafurion Stormer(1), L2PcInstance:Konstruktor[268481351]
[05 Aug 22:45:01] CREATE:Admin, item 268488819:Fafurion Stormer(1), L2PcInstance:Konstruktor[268481351]
[05 Aug 23:02:21] CREATE:Admin, item 268488971:Bloody Leviathan Gaiters(1), L2PcInstance:Konstruktor[268481351]
[05 Aug 23:04:28] CREATE:Admin, item 268489010:Dark Leviathan Tunic(1), L2PcInstance:Konstruktor[268481351]
[06 Aug 21:06:31] CREATE:ItemAuction, item 268437819:Elegia Breastplate(1)
[06 Aug 21:06:31] CREATE:ItemAuction, item 268437820:Archangel Sword(1)
[06 Aug 21:06:31] CREATE:ItemAuction, item 268437821:Refined Black Feather Mask(1)
[06 Aug 21:06:31] CREATE:ItemAuction, item 268437822:Elegia Leather Gloves(1)
[06 Aug 21:06:31] CREATE:ItemAuction, item 268437823:Enhanced Mage Staff(1)
[06 Aug 21:06:31] CREATE:ItemAuction, item 268437824:Rising Star(1)
[06 Aug 21:06:31] CREATE:ItemAuction, item 268437825:Enhanced Falchion(1)
[06 Aug 21:06:31] CREATE:ItemAuction, item 268437826:Periel Sword(1)
[06 Aug 21:06:31] CREATE:ItemAuction, item 268437827:Heavenstare Rapier(1)
[06 Aug 21:06:31] CREATE:ItemAuction, item 268437828:Green Soul Crystal - Stage 15(1)
[06 Aug 21:06:31] CREATE:ItemAuction, item 268437829:Eternal Core Sword(1)
[06 Aug 21:11:17] CREATE:Admin, item 268481775:Twilight Staff(1), L2PcInstance:Konstruktor[268481351]
[06 Aug 21:11:57] CREATE:Admin, item 268481813:Little Angel Wings(1), L2PcInstance:Konstruktor[268481351]
[06 Aug 21:12:53] CREATE:Admin, item 268481823:La Vie En Rose's Brooch(1), L2PcInstance:Konstruktor[268481351]
[06 Aug 21:14:53] CREATE:Admin, item 268481839:La Vie En Rose's Radiant Brooch(1), L2PcInstance:Konstruktor[268481351]
[22 Aug 14:53:06] CREATE:ItemAuction, item 268437819:Elegia Breastplate(1)
[22 Aug 14:53:06] CREATE:ItemAuction, item 268437820:Elegia Leather Gloves(1)
[22 Aug 14:53:06] CREATE:ItemAuction, item 268437821:Green Soul Crystal - Stage 16(1)
[22 Aug 14:53:06] CREATE:ItemAuction, item 268437822:Enhanced Mage Staff(1)
[22 Aug 14:53:06] CREATE:ItemAuction, item 268437823:Periel Sword(1)
[22 Aug 14:53:06] CREATE:ItemAuction, item 268437824:Enhanced Great Spear(1)
[22 Aug 14:53:06] CREATE:ItemAuction, item 268437825:Eternal Core Sword(1)
[22 Aug 14:53:06] CREATE:ItemAuction, item 268437826:Red Soul Crystal - Stage 15(1)
[22 Aug 15:03:27] DELETE:L2ItemInstance, item 268481775:Twilight Staff(0), PrevCount(1), L2PcInstance:Konstruktor[268481351]
[22 Aug 15:29:27] CREATE:Admin, item 268482202:Fafurion Stormer(1), L2PcInstance:Konstruktor[268481351]
[22 Aug 15:29:42] CREATE:Admin, item 268482211:Fafurion Retributer(1), L2PcInstance:Konstruktor[268481351]
[22 Aug 15:44:42] CREATE:Admin, item 268482348:Fafurion Dual Sword(1), L2PcInstance:Konstruktor[268481351]
[22 Aug 15:45:26] CREATE:Admin, item 268482352:Fafurion Dual Sword(1), L2PcInstance:Konstruktor[268481351]
[22 Aug 15:45:56] CREATE:Admin, item 268482361:Fafurion Dual Sword(1), L2PcInstance:Konstruktor[268481351]
[22 Aug 16:06:02] CREATE:Admin, item 268483156:Antharas Dualsword(1), L2PcInstance:Konstruktor[268481351]
[22 Aug 16:23:52] CREATE:Admin, item 268483293:Fafurion Dual Blunt(1), L2PcInstance:Konstruktor[268481351]
[22 Aug 16:24:01] CREATE:Admin, item 268483294:Fafurion Dual Blunt(1), L2PcInstance:Konstruktor[268481351]
[22 Aug 16:24:08] CREATE:Admin, item 268483311:Fafurion Dual Blunt(1), L2PcInstance:Konstruktor[268481351]
[22 Aug 16:24:15] CREATE:Admin, item 268483320:Fafurion Dual Blunt(1), L2PcInstance:Konstruktor[268481351]
[23 Aug 13:54:57] CREATE:ItemAuction, item 268437819:Elegia Breastplate(1)
[23 Aug 13:54:57] CREATE:ItemAuction, item 268437820:Elegia Leather Gloves(1)
[23 Aug 13:54:57] CREATE:ItemAuction, item 268437821:Green Soul Crystal - Stage 16(1)
[23 Aug 13:54:57] CREATE:ItemAuction, item 268437822:Enhanced Mage Staff(1)
[23 Aug 13:54:57] CREATE:ItemAuction, item 268437823:Periel Sword(1)
[23 Aug 13:54:57] CREATE:ItemAuction, item 268437824:Enhanced Great Spear(1)
[23 Aug 13:54:57] CREATE:ItemAuction, item 268437825:Red Soul Crystal - Stage 15(1)
[23 Aug 18:16:43] CREATE:ItemAuction, item 268437819:Elegia Breastplate(1)
[23 Aug 18:16:43] CREATE:ItemAuction, item 268437820:Green Soul Crystal - Stage 16(1)
[23 Aug 18:16:43] CREATE:ItemAuction, item 268437821:Forgotten Scroll: Fighter's Will(1)
[23 Aug 18:16:43] CREATE:ItemAuction, item 268437822:Enhanced Mage Staff(1)
[23 Aug 18:16:43] CREATE:ItemAuction, item 268437823:Periel Sword(1)
[23 Aug 18:16:43] CREATE:ItemAuction, item 268437824:Enhanced Great Spear(1)
[23 Aug 18:16:43] CREATE:ItemAuction, item 268437825:Red Soul Crystal - Stage 15(1)
[28 Sep 17:27:37] CREATE:ItemAuction, item 268437819:Elegia Breastplate(1)
[28 Sep 17:27:37] CREATE:ItemAuction, item 268437820:Green Soul Crystal - Stage 16(1)
[28 Sep 17:27:37] CREATE:ItemAuction, item 268437821:Forgotten Scroll: Fighter's Will(1)
[28 Sep 17:27:37] CREATE:ItemAuction, item 268437822:Elegia Circlet(1)
[28 Sep 17:27:38] CREATE:ItemAuction, item 268437823:Enhanced Mage Staff(1)
[28 Sep 17:27:38] CREATE:ItemAuction, item 268437824:Enhanced Great Spear(1)
[28 Sep 17:27:38] CREATE:ItemAuction, item 268437825:Enhanced Flanged Mace(1)
[28 Sep 17:27:38] CREATE:ItemAuction, item 268437826:Red Soul Crystal - Stage 15(1)
[28 Sep 17:27:38] CREATE:ItemAuction, item 268437827:Enhanced Compound Bow(1)
[30 Sep 20:07:29] CREATE:ItemAuction, item 268437819:Elegia Breastplate(1)
[30 Sep 20:07:29] CREATE:ItemAuction, item 268437820:Green Soul Crystal - Stage 16(1)
[30 Sep 20:07:29] CREATE:ItemAuction, item 268437821:Elegia Circlet(1)
[30 Sep 20:07:29] CREATE:ItemAuction, item 268437822:Enhanced Mage Staff(1)
[30 Sep 20:07:29] CREATE:ItemAuction, item 268437823:Enhanced Flanged Mace(1)
[30 Sep 20:07:29] CREATE:ItemAuction, item 268437824:Forgotten Scroll: Protection of Elemental(1)
[30 Sep 20:07:29] CREATE:ItemAuction, item 268437825:Enhanced Compound Bow(1)
[30 Sep 20:15:50] CREATE:Loot, item 268482194:Adena(3677), L2PcInstance:Konstruktor[268481351], L2MonsterInstance:Drakos(22815)[268463792]
[30 Sep 20:15:52] CHANGE:Pickup, item 268481382:Adena(7369191555), PrevCount(7369187878), L2PcInstance:Konstruktor[268481351]
[30 Sep 20:15:52] DELETE:Pickup, item 268482194:Adena(0), PrevCount(3677), L2PcInstance:Konstruktor[268481351]
[01 Oct 20:04:43] CREATE:ItemAuction, item 268437819:Elegia Breastplate(1)
[01 Oct 20:04:43] CREATE:ItemAuction, item 268437820:Elegia Circlet(1)
[01 Oct 20:04:43] CREATE:ItemAuction, item 268437821:Enhanced Mage Staff(1)
[01 Oct 20:04:43] CREATE:ItemAuction, item 268437822:Enhanced Flanged Mace(1)
[01 Oct 20:04:43] CREATE:ItemAuction, item 268437823:Forgotten Scroll: Protection of Elemental(1)
[01 Oct 20:04:43] CREATE:ItemAuction, item 268437824:Enhanced Compound Bow(1)
[01 Oct 20:13:52] CREATE:Loot, item 268482207:Adena(3625), L2PcInstance:Konstruktor[268481351], L2MonsterInstance:Drakos(22815)[268463654]
[01 Oct 20:13:52] CREATE:Loot, item 268482208:Wizard Herb(1), L2PcInstance:Konstruktor[268481351], L2MonsterInstance:Drakos(22815)[268463654]
[01 Oct 20:13:55] CHANGE:Pickup, item 268481382:Adena(7369195180), PrevCount(7369191555), L2PcInstance:Konstruktor[268481351]
[01 Oct 20:13:55] DELETE:Pickup, item 268482207:Adena(0), PrevCount(3625), L2PcInstance:Konstruktor[268481351]
[01 Oct 20:13:58] DELETE:Consume, item 268482208:Wizard Herb(0), PrevCount(1), L2PcInstance:Konstruktor[268481351]
[01 Oct 20:14:08] CREATE:Loot, item 268482210:Adena(3134), L2PcInstance:Konstruktor[268481351], L2MonsterInstance:Necromancer of the Valley(22858)[268463809]
[01 Oct 20:14:08] CREATE:Loot, item 268482212:Major Herb of Mana(1), L2PcInstance:Konstruktor[268481351], L2MonsterInstance:Necromancer of the Valley(22858)[268463809]
[01 Oct 20:14:11] CHANGE:Pickup, item 268481382:Adena(7369198314), PrevCount(7369195180), L2PcInstance:Konstruktor[268481351]
[01 Oct 20:14:11] DELETE:Pickup, item 268482210:Adena(0), PrevCount(3134), L2PcInstance:Konstruktor[268481351]
[01 Oct 20:44:26] CREATE:Loot, item 268482610:Adena(603), L2PcInstance:Konstruktor[268481351], L2MonsterInstance:Wyrm(20176)[268463347]
[01 Oct 20:59:00] CREATE:Loot, item 268482747:Adena(414), L2PcInstance:Konstruktor[268481351], L2MonsterInstance:Wyrm(20176)[268482636]
[01 Oct 20:59:12] CHANGE:Pickup, item 268481382:Adena(7369198728), PrevCount(7369198314), L2PcInstance:Konstruktor[268481351]
[01 Oct 20:59:12] DELETE:Pickup, item 268482747:Adena(0), PrevCount(414), L2PcInstance:Konstruktor[268481351]
[02 Oct 21:09:52] CREATE:ItemAuction, item 268437819:Elegia Circlet(1)
[02 Oct 21:09:52] CREATE:ItemAuction, item 268437820:Enhanced Mage Staff(1)
[02 Oct 21:09:52] CREATE:ItemAuction, item 268437821:Enhanced Flanged Mace(1)
[02 Oct 21:09:52] CREATE:ItemAuction, item 268437822:Forgotten Scroll: Protection of Elemental(1)
[02 Oct 21:09:52] CREATE:ItemAuction, item 268437823:Enhanced Compound Bow(1)
[02 Oct 21:09:52] CREATE:ItemAuction, item 268437824:Elegia Leather Gloves(1)
[27 Oct 14:35:56] CREATE:ItemAuction, item 268437819:Elegia Circlet(1)
[27 Oct 14:35:56] CREATE:ItemAuction, item 268437820:High-grade Life Stone - Lv. 82(1)
[27 Oct 14:35:56] CREATE:ItemAuction, item 268437821:Enhanced Mage Staff(1)
[27 Oct 14:35:56] CREATE:ItemAuction, item 268437822:Forgotten Scroll: Protection of Elemental(1)
[27 Oct 14:35:56] CREATE:ItemAuction, item 268437823:Elegia Gloves(1)
[27 Oct 14:35:56] CREATE:ItemAuction, item 268437824:Elegia Leather Gloves(1)
[27 Oct 14:35:56] CREATE:ItemAuction, item 268437825:Skull Carnium Bow(1)
[27 Oct 14:37:53] CREATE:Init, item 268481733:Sqire's Blunt Weapon(1), L2PcInstance:BadaBumBum[268481732]
[27 Oct 14:37:53] CREATE:Init, item 268481734:Squire's Dagger(1), L2PcInstance:BadaBumBum[268481732]
[27 Oct 14:37:53] CREATE:Init, item 268481736:Squire's Shirt(1), L2PcInstance:BadaBumBum[268481732]
[27 Oct 14:37:53] CREATE:Init, item 268481738:Squire's Pants(1), L2PcInstance:BadaBumBum[268481732]
[27 Oct 14:37:53] CREATE:Init, item 268481740:Tutorial Guide(1), L2PcInstance:BadaBumBum[268481732]
[27 Oct 14:37:53] CREATE:Init, item 268481741:Adventurer's Scroll of Escape(5), L2PcInstance:BadaBumBum[268481732]
[27 Oct 14:37:53] CREATE:Init, item 268481742:Scroll of Escape: Kamael Village(10), L2PcInstance:BadaBumBum[268481732]
[27 Oct 14:37:59] SETOWNER:RewardItem, item 268481743:Mother Tree's Branch of Fortune(1), L2PcInstance:BadaBumBum[268481732], L2PcInstance:BadaBumBum[268481732]
[27 Oct 15:02:41] SETOWNER:RewardItem, item 268482657:Mother Tree's Branch of Fortune(1), L2PcInstance:Konstruktor[268481351], L2PcInstance:Konstruktor[268481351]
[27 Oct 15:02:59] SETOWNER:RewardItem, item 268482660:Mother Tree's Branch of Fortune(1), L2PcInstance:BadaBumBum[268481732], L2PcInstance:BadaBumBum[268481732]
[27 Oct 15:04:36] CREATE:ItemAuction, item 268437819:High-grade Life Stone - Lv. 82(1)
[27 Oct 15:04:36] CREATE:ItemAuction, item 268437820:Enhanced Mage Staff(1)
[27 Oct 15:04:36] CREATE:ItemAuction, item 268437821:Elegia Gloves(1)
[27 Oct 15:04:36] CREATE:ItemAuction, item 268437822:Skull Carnium Bow(1)
[27 Oct 15:05:42] SETOWNER:RewardItem, item 268482126:Mother Tree's Branch of Fortune(1), L2PcInstance:BadaBumBum[268481732], L2PcInstance:BadaBumBum[268481732]
[27 Oct 15:10:33] SETOWNER:RewardItem, item 268482173:Mother Tree's Branch of Fortune(1), L2PcInstance:BadaBumBum[268481732], L2PcInstance:BadaBumBum[268481732]
[27 Oct 15:10:52] SETOWNER:RewardItem, item 268482175:Mother Tree's Branch of Fortune(1), L2PcInstance:Konstruktor[268481351], L2PcInstance:Konstruktor[268481351]
[27 Oct 15:14:22] CREATE:ItemAuction, item 268437819:High-grade Life Stone - Lv. 82(1)
[27 Oct 15:14:22] CREATE:ItemAuction, item 268437820:Elegia Gloves(1)
[27 Oct 15:14:22] CREATE:ItemAuction, item 268437821:Skull Carnium Bow(1)
[27 Oct 15:18:50] SETOWNER:RewardItem, item 268482144:Mother Tree's Branch of Fortune(1), L2PcInstance:Konstruktor[268481351], L2PcInstance:Konstruktor[268481351]
[27 Oct 15:20:17] CREATE:ItemAuction, item 268437819:High-grade Life Stone - Lv. 82(1)
[27 Oct 15:20:17] CREATE:ItemAuction, item 268437820:Elegia Gloves(1)
[27 Oct 15:20:17] CREATE:ItemAuction, item 268437821:Skull Carnium Bow(1)
[27 Oct 15:21:46] SETOWNER:RewardItem, item 268482128:Mother Tree's Branch of Fortune(1), L2PcInstance:Konstruktor[268481351], L2PcInstance:Konstruktor[268481351]
[27 Oct 15:24:23] CREATE:ItemAuction, item 268437819:High-grade Life Stone - Lv. 82(1)
[27 Oct 15:24:23] CREATE:ItemAuction, item 268437820:Elegia Gloves(1)
[27 Oct 15:24:23] CREATE:ItemAuction, item 268437821:Skull Carnium Bow(1)
[27 Oct 15:25:30] SETOWNER:RewardItem, item 268482125:Mother Tree's Branch of Fortune(1), L2PcInstance:Konstruktor[268481351], L2PcInstance:Konstruktor[268481351]
[27 Oct 15:27:30] SETOWNER:RewardItem, item 268482152:Mother Tree's Branch of Fortune(1), L2PcInstance:Konstruktor[268481351], L2PcInstance:Konstruktor[268481351]
[27 Oct 15:32:07] SETOWNER:RewardItem, item 268482200:Mother Tree's Branch of Fortune(1), L2PcInstance:Konstruktor[268481351], L2PcInstance:Konstruktor[268481351]
[27 Oct 15:33:49] CREATE:ItemAuction, item 268437819:High-grade Life Stone - Lv. 82(1)
[27 Oct 15:33:49] CREATE:ItemAuction, item 268437820:Elegia Gloves(1)
[27 Oct 15:33:49] CREATE:ItemAuction, item 268437821:Skull Carnium Bow(1)
[27 Oct 15:37:33] SETOWNER:RewardItem, item 268482141:Mother Tree's Branch of Fortune(1), L2PcInstance:BadaBumBum[268481732], L2PcInstance:BadaBumBum[268481732]
[27 Oct 15:38:00] CREATE:Init, item 268482157:Apprentice's Wand(1), L2PcInstance:osiolekx[268482155]
[27 Oct 15:38:00] CREATE:Init, item 268482158:Apprentice's Tunic(1), L2PcInstance:osiolekx[268482155]
[27 Oct 15:38:00] CREATE:Init, item 268482159:Apprentice's Stockings(1), L2PcInstance:osiolekx[268482155]
[27 Oct 15:38:00] CREATE:Init, item 268482161:Tutorial Guide(1), L2PcInstance:osiolekx[268482155]
[27 Oct 15:38:00] CREATE:Init, item 268482162:Adventurer's Scroll of Escape(5), L2PcInstance:osiolekx[268482155]
[27 Oct 15:38:00] CREATE:Init, item 268482163:Scroll of Escape: Kamael Village(10), L2PcInstance:osiolekx[268482155]
[27 Oct 15:38:05] SETOWNER:RewardItem, item 268482164:Mother Tree's Branch of Fortune(1), L2PcInstance:osiolekx[268482155], L2PcInstance:osiolekx[268482155]
[27 Oct 19:36:41] SETOWNER:RewardItem, item 268486976:Mother Tree's Branch of Fortune(1), L2PcInstance:BadaBumBum[268481732], L2PcInstance:BadaBumBum[268481732]
[27 Oct 20:47:30] CREATE:ItemAuction, item 268437819:High-grade Life Stone - Lv. 82(1)
[27 Oct 20:47:30] CREATE:ItemAuction, item 268437820:Elegia Gloves(1)
[27 Oct 20:47:30] CREATE:ItemAuction, item 268437821:Skull Carnium Bow(1)
[27 Oct 20:51:44] SETOWNER:RewardItem, item 268481765:Mother Tree's Branch of Fortune(1), L2PcInstance:BadaBumBum[268481732], L2PcInstance:BadaBumBum[268481732]
[27 Oct 20:53:12] SETOWNER:RewardItem, item 268481793:Mother Tree's Branch of Fortune(1), L2PcInstance:BadaBumBum[268481732], L2PcInstance:BadaBumBum[268481732]
[27 Oct 21:00:38] CREATE:Loot, item 268481882:Adena(13), L2PcInstance:BadaBumBum[268481732], L2MonsterInstance:Gremlin(18342)[268465902]
