2019.10.27 20:47:03,020	INFO	1	com.l2jserver.gameserver.geoengine.NullDriver	Using Null GeoDriver.
2019.10.27 20:47:40,150	INFO	1	custom.museum.MuseumManager	MuseumManager: Initializing
2019.10.27 20:47:40,161	INFO	1	custom.museum.MuseumManager	MuseumManager: Successfully loaded 4 categories and 12 post categories.
2019.10.27 20:47:40,216	INFO	1	custom.vote.VoteManager	VoteManager: Successfully loaded 5 vote types.
2019.10.27 20:47:40,222	INFO	1	custom.achievements.AchievementsParser	AchievementsParser: Loading achievements.
2019.10.27 20:47:40,232	INFO	1	custom.achievements.AchievementsParser	AchievementsParser: Successfully loaded 1 achievement categories and 1 achievements.
2019.10.27 20:47:40,234	INFO	1	custom.npctopc.NpcToPcManager	NpcToPcManager: Initializing
2019.10.27 20:47:40,239	INFO	1	custom.npctopc.NpcToPcManager	NpcToPcManager: Successfully loaded 3 Pcs.
2019.10.27 20:47:40,248	INFO	1	custom.skillsbalancer.SkillsBalanceManager	Initializing skills balancer...
2019.10.27 20:47:40,249	INFO	1	custom.skillsbalancer.SkillsBalanceManager	Successfully loaded 0 skills balances.
2019.10.27 20:47:40,253	INFO	1	custom.classbalancer.ClassBalanceManager	Successfully loaded 0 balances.
2019.10.27 20:47:49,324	INFO	1	l2r.gameserver.custom.GiftCodesManager	GiftCodesManager: Loaded: 0 gift codes
2019.10.27 20:52:40,253	INFO	35	custom.skillsbalancer.SkillsBalanceManager	Skills balances updating to database!
2019.10.27 20:52:40,255	INFO	33	custom.classbalancer.ClassBalanceManager	Class balances updating to database!
2019.10.27 20:57:40,252	INFO	22	custom.skillsbalancer.SkillsBalanceManager	Skills balances updating to database!
2019.10.27 20:57:40,255	INFO	30	custom.classbalancer.ClassBalanceManager	Class balances updating to database!
2019.10.27 20:58:17,812	INFO	80	custom.achievements.AchievementsParser	AchievementsParser: Loading achievements.
2019.10.27 20:58:17,849	INFO	80	custom.achievements.AchievementsParser	AchievementsParser: Successfully loaded 1 achievement categories and 5 achievements.
2019.10.27 20:59:31,814	INFO	84	custom.achievements.AchievementsParser	AchievementsParser: Loading achievements.
2019.10.27 20:59:31,827	INFO	84	custom.achievements.AchievementsParser	AchievementsParser: Successfully loaded 1 achievement categories and 5 achievements.
2019.10.27 21:02:40,252	INFO	26	custom.skillsbalancer.SkillsBalanceManager	Skills balances updating to database!
2019.10.27 21:02:40,256	INFO	32	custom.classbalancer.ClassBalanceManager	Class balances updating to database!
2019.10.27 21:05:21,141	INFO	83	custom.achievements.AchievementsParser	AchievementsParser: Loading achievements.
2019.10.27 21:05:21,246	INFO	83	custom.achievements.AchievementsParser	AchievementsParser: Successfully loaded 2 achievement categories and 10 achievements.
2019.10.27 21:07:40,253	INFO	22	custom.skillsbalancer.SkillsBalanceManager	Skills balances updating to database!
2019.10.27 21:07:40,257	INFO	27	custom.classbalancer.ClassBalanceManager	Class balances updating to database!
