2019.10.27 15:33:23,529	INFO	1	com.l2jserver.gameserver.geoengine.NullDriver	Using Null GeoDriver.
2019.10.27 15:33:59,230	INFO	1	custom.museum.MuseumManager	MuseumManager: Initializing
2019.10.27 15:33:59,238	INFO	1	custom.museum.MuseumManager	MuseumManager: Successfully loaded 4 categories and 12 post categories.
2019.10.27 15:33:59,285	INFO	1	custom.achievements.AchievementsParser	AchievementsParser: Loading achievements.
2019.10.27 15:33:59,292	INFO	1	custom.achievements.AchievementsParser	AchievementsParser: Successfully loaded 1 achievement categories and 1 achievements.
2019.10.27 15:33:59,294	INFO	1	custom.skillsbalancer.SkillsBalanceManager	Initializing skills balancer...
2019.10.27 15:33:59,295	INFO	1	custom.skillsbalancer.SkillsBalanceManager	Successfully loaded 0 skills balances.
2019.10.27 15:33:59,299	INFO	1	custom.classbalancer.ClassBalanceManager	Successfully loaded 0 balances.
2019.10.27 15:33:59,301	INFO	1	custom.npctopc.NpcToPcManager	NpcToPcManager: Initializing
2019.10.27 15:33:59,304	INFO	1	custom.npctopc.NpcToPcManager	NpcToPcManager: Successfully loaded 3 Pcs.
2019.10.27 15:33:59,318	INFO	1	custom.vote.VoteManager	VoteManager: Successfully loaded 5 vote types.
2019.10.27 15:34:07,597	INFO	1	l2r.gameserver.custom.GiftCodesManager	GiftCodesManager: Loaded: 0 gift codes
2019.10.27 15:38:59,298	INFO	22	custom.skillsbalancer.SkillsBalanceManager	Skills balances updating to database!
2019.10.27 15:38:59,302	INFO	31	custom.classbalancer.ClassBalanceManager	Class balances updating to database!
2019.10.27 15:43:59,298	INFO	35	custom.skillsbalancer.SkillsBalanceManager	Skills balances updating to database!
2019.10.27 15:43:59,301	INFO	29	custom.classbalancer.ClassBalanceManager	Class balances updating to database!
2019.10.27 15:48:59,298	INFO	22	custom.skillsbalancer.SkillsBalanceManager	Skills balances updating to database!
2019.10.27 15:48:59,303	INFO	37	custom.classbalancer.ClassBalanceManager	Class balances updating to database!
2019.10.27 15:53:59,298	INFO	21	custom.skillsbalancer.SkillsBalanceManager	Skills balances updating to database!
2019.10.27 15:53:59,302	INFO	29	custom.classbalancer.ClassBalanceManager	Class balances updating to database!
2019.10.27 15:58:59,299	INFO	31	custom.skillsbalancer.SkillsBalanceManager	Skills balances updating to database!
2019.10.27 15:58:59,303	INFO	21	custom.classbalancer.ClassBalanceManager	Class balances updating to database!
2019.10.27 16:03:59,299	INFO	37	custom.skillsbalancer.SkillsBalanceManager	Skills balances updating to database!
2019.10.27 16:03:59,303	INFO	32	custom.classbalancer.ClassBalanceManager	Class balances updating to database!
2019.10.27 16:08:59,299	INFO	30	custom.skillsbalancer.SkillsBalanceManager	Skills balances updating to database!
2019.10.27 16:08:59,302	INFO	22	custom.classbalancer.ClassBalanceManager	Class balances updating to database!
2019.10.27 16:13:59,298	INFO	33	custom.skillsbalancer.SkillsBalanceManager	Skills balances updating to database!
2019.10.27 16:13:59,301	INFO	28	custom.classbalancer.ClassBalanceManager	Class balances updating to database!
2019.10.27 16:19:00,392	INFO	30	custom.skillsbalancer.SkillsBalanceManager	Skills balances updating to database!
2019.10.27 16:19:00,395	INFO	32	custom.classbalancer.ClassBalanceManager	Class balances updating to database!
2019.10.27 16:24:00,392	INFO	32	custom.skillsbalancer.SkillsBalanceManager	Skills balances updating to database!
2019.10.27 16:24:00,395	INFO	33	custom.classbalancer.ClassBalanceManager	Class balances updating to database!
2019.10.27 16:29:00,391	INFO	27	custom.skillsbalancer.SkillsBalanceManager	Skills balances updating to database!
2019.10.27 16:29:00,395	INFO	22	custom.classbalancer.ClassBalanceManager	Class balances updating to database!
2019.10.27 16:34:00,393	INFO	32	custom.skillsbalancer.SkillsBalanceManager	Skills balances updating to database!
2019.10.27 16:34:00,395	INFO	35	custom.classbalancer.ClassBalanceManager	Class balances updating to database!
2019.10.27 16:39:00,392	INFO	29	custom.skillsbalancer.SkillsBalanceManager	Skills balances updating to database!
2019.10.27 16:39:00,395	INFO	22	custom.classbalancer.ClassBalanceManager	Class balances updating to database!
2019.10.27 16:44:00,391	INFO	37	custom.skillsbalancer.SkillsBalanceManager	Skills balances updating to database!
2019.10.27 16:44:00,395	INFO	30	custom.classbalancer.ClassBalanceManager	Class balances updating to database!
2019.10.27 16:49:00,391	INFO	29	custom.skillsbalancer.SkillsBalanceManager	Skills balances updating to database!
2019.10.27 16:49:00,394	INFO	33	custom.classbalancer.ClassBalanceManager	Class balances updating to database!
2019.10.27 16:54:00,391	INFO	21	custom.skillsbalancer.SkillsBalanceManager	Skills balances updating to database!
2019.10.27 16:54:00,394	INFO	31	custom.classbalancer.ClassBalanceManager	Class balances updating to database!
2019.10.27 16:59:00,391	INFO	29	custom.skillsbalancer.SkillsBalanceManager	Skills balances updating to database!
2019.10.27 16:59:00,395	INFO	31	custom.classbalancer.ClassBalanceManager	Class balances updating to database!
2019.10.27 17:04:00,391	INFO	31	custom.skillsbalancer.SkillsBalanceManager	Skills balances updating to database!
2019.10.27 17:04:00,394	INFO	36	custom.classbalancer.ClassBalanceManager	Class balances updating to database!
2019.10.27 17:09:00,391	INFO	32	custom.skillsbalancer.SkillsBalanceManager	Skills balances updating to database!
2019.10.27 17:09:00,395	INFO	31	custom.classbalancer.ClassBalanceManager	Class balances updating to database!
2019.10.27 17:14:00,391	INFO	28	custom.skillsbalancer.SkillsBalanceManager	Skills balances updating to database!
2019.10.27 17:14:00,395	INFO	35	custom.classbalancer.ClassBalanceManager	Class balances updating to database!
2019.10.27 17:19:00,391	INFO	35	custom.skillsbalancer.SkillsBalanceManager	Skills balances updating to database!
2019.10.27 17:19:00,395	INFO	30	custom.classbalancer.ClassBalanceManager	Class balances updating to database!
2019.10.27 17:24:00,391	INFO	21	custom.skillsbalancer.SkillsBalanceManager	Skills balances updating to database!
2019.10.27 17:24:00,395	INFO	37	custom.classbalancer.ClassBalanceManager	Class balances updating to database!
2019.10.27 17:29:00,391	INFO	35	custom.skillsbalancer.SkillsBalanceManager	Skills balances updating to database!
2019.10.27 17:29:00,395	INFO	36	custom.classbalancer.ClassBalanceManager	Class balances updating to database!
2019.10.27 17:34:00,391	INFO	36	custom.skillsbalancer.SkillsBalanceManager	Skills balances updating to database!
2019.10.27 17:34:00,395	INFO	35	custom.classbalancer.ClassBalanceManager	Class balances updating to database!
2019.10.27 17:39:00,391	INFO	31	custom.skillsbalancer.SkillsBalanceManager	Skills balances updating to database!
2019.10.27 17:39:00,395	INFO	28	custom.classbalancer.ClassBalanceManager	Class balances updating to database!
2019.10.27 17:44:00,392	INFO	37	custom.skillsbalancer.SkillsBalanceManager	Skills balances updating to database!
2019.10.27 17:44:00,396	INFO	35	custom.classbalancer.ClassBalanceManager	Class balances updating to database!
2019.10.27 17:49:00,392	INFO	33	custom.skillsbalancer.SkillsBalanceManager	Skills balances updating to database!
2019.10.27 17:49:00,396	INFO	28	custom.classbalancer.ClassBalanceManager	Class balances updating to database!
2019.10.27 17:54:00,391	INFO	21	custom.skillsbalancer.SkillsBalanceManager	Skills balances updating to database!
2019.10.27 17:54:00,395	INFO	37	custom.classbalancer.ClassBalanceManager	Class balances updating to database!
2019.10.27 17:59:00,392	INFO	28	custom.skillsbalancer.SkillsBalanceManager	Skills balances updating to database!
2019.10.27 17:59:00,395	INFO	29	custom.classbalancer.ClassBalanceManager	Class balances updating to database!
2019.10.27 18:04:00,391	INFO	32	custom.skillsbalancer.SkillsBalanceManager	Skills balances updating to database!
2019.10.27 18:04:00,394	INFO	36	custom.classbalancer.ClassBalanceManager	Class balances updating to database!
2019.10.27 18:09:00,392	INFO	31	custom.skillsbalancer.SkillsBalanceManager	Skills balances updating to database!
2019.10.27 18:09:00,394	INFO	37	custom.classbalancer.ClassBalanceManager	Class balances updating to database!
2019.10.27 18:14:00,392	INFO	35	custom.skillsbalancer.SkillsBalanceManager	Skills balances updating to database!
2019.10.27 18:14:00,394	INFO	22	custom.classbalancer.ClassBalanceManager	Class balances updating to database!
2019.10.27 18:19:00,391	INFO	21	custom.skillsbalancer.SkillsBalanceManager	Skills balances updating to database!
2019.10.27 18:19:00,394	INFO	22	custom.classbalancer.ClassBalanceManager	Class balances updating to database!
2019.10.27 18:24:00,392	INFO	27	custom.skillsbalancer.SkillsBalanceManager	Skills balances updating to database!
2019.10.27 18:24:00,395	INFO	29	custom.classbalancer.ClassBalanceManager	Class balances updating to database!
2019.10.27 18:29:00,391	INFO	27	custom.skillsbalancer.SkillsBalanceManager	Skills balances updating to database!
2019.10.27 18:29:00,395	INFO	30	custom.classbalancer.ClassBalanceManager	Class balances updating to database!
2019.10.27 18:34:00,391	INFO	35	custom.skillsbalancer.SkillsBalanceManager	Skills balances updating to database!
2019.10.27 18:34:00,395	INFO	33	custom.classbalancer.ClassBalanceManager	Class balances updating to database!
2019.10.27 18:39:00,392	INFO	37	custom.skillsbalancer.SkillsBalanceManager	Skills balances updating to database!
2019.10.27 18:39:00,396	INFO	30	custom.classbalancer.ClassBalanceManager	Class balances updating to database!
2019.10.27 18:44:00,391	INFO	33	custom.skillsbalancer.SkillsBalanceManager	Skills balances updating to database!
2019.10.27 18:44:00,395	INFO	28	custom.classbalancer.ClassBalanceManager	Class balances updating to database!
2019.10.27 18:49:00,391	INFO	29	custom.skillsbalancer.SkillsBalanceManager	Skills balances updating to database!
2019.10.27 18:49:00,395	INFO	22	custom.classbalancer.ClassBalanceManager	Class balances updating to database!
2019.10.27 18:54:00,391	INFO	30	custom.skillsbalancer.SkillsBalanceManager	Skills balances updating to database!
2019.10.27 18:54:00,395	INFO	32	custom.classbalancer.ClassBalanceManager	Class balances updating to database!
2019.10.27 18:59:00,392	INFO	37	custom.skillsbalancer.SkillsBalanceManager	Skills balances updating to database!
2019.10.27 18:59:00,396	INFO	35	custom.classbalancer.ClassBalanceManager	Class balances updating to database!
2019.10.27 19:04:00,391	INFO	28	custom.skillsbalancer.SkillsBalanceManager	Skills balances updating to database!
2019.10.27 19:04:00,395	INFO	32	custom.classbalancer.ClassBalanceManager	Class balances updating to database!
2019.10.27 19:09:00,391	INFO	30	custom.skillsbalancer.SkillsBalanceManager	Skills balances updating to database!
2019.10.27 19:09:00,395	INFO	22	custom.classbalancer.ClassBalanceManager	Class balances updating to database!
2019.10.27 19:14:00,391	INFO	32	custom.skillsbalancer.SkillsBalanceManager	Skills balances updating to database!
2019.10.27 19:14:00,395	INFO	22	custom.classbalancer.ClassBalanceManager	Class balances updating to database!
2019.10.27 19:19:00,391	INFO	21	custom.skillsbalancer.SkillsBalanceManager	Skills balances updating to database!
2019.10.27 19:19:00,395	INFO	27	custom.classbalancer.ClassBalanceManager	Class balances updating to database!
2019.10.27 19:24:00,392	INFO	29	custom.skillsbalancer.SkillsBalanceManager	Skills balances updating to database!
2019.10.27 19:24:00,394	INFO	28	custom.classbalancer.ClassBalanceManager	Class balances updating to database!
2019.10.27 19:29:00,392	INFO	27	custom.skillsbalancer.SkillsBalanceManager	Skills balances updating to database!
2019.10.27 19:29:00,395	INFO	21	custom.classbalancer.ClassBalanceManager	Class balances updating to database!
2019.10.27 19:34:00,392	INFO	31	custom.skillsbalancer.SkillsBalanceManager	Skills balances updating to database!
2019.10.27 19:34:00,395	INFO	37	custom.classbalancer.ClassBalanceManager	Class balances updating to database!
